Test 1-1

GamemodesTest > 1-1 Testing peaceful mode causes player to take no damage FAILED
    java.lang.IllegalArgumentException
        at dungeonmania.GameMode.getGameMode(GameMode.java:26)
        at dungeonmania.Dungeon.<init>(Dungeon.java:64)
        at dungeonmania.DungeonManiaController.newGame(DungeonManiaController.java:41)
        at dungeonmania.controllerTest.GamemodesTest.testPeacefulNoDamage(GamemodesTest.java:20)
FAILURE
DONE
Test 1-2

GamemodesTest > 1-2 Testing zombies spawn every 15 ticks in hard mode FAILED
    org.opentest4j.AssertionFailedError: expected: <true> but was: <false>
        at app//org.junit.jupiter.api.AssertionUtils.fail(AssertionUtils.java:55)
        at app//org.junit.jupiter.api.AssertTrue.assertTrue(AssertTrue.java:40)
        at app//org.junit.jupiter.api.AssertTrue.assertTrue(AssertTrue.java:35)
        at app//org.junit.jupiter.api.Assertions.assertTrue(Assertions.java:179)
        at app//dungeonmania.controllerTest.GamemodesTest.testHardZombieSpawning(GamemodesTest.java:45)
FAILURE
DONE
Test 1-3

GamemodesTest > 1-3 Test invincibility potions don't work in hard mode FAILED
    java.lang.IllegalArgumentException
        at dungeonmania.GameMode.getGameMode(GameMode.java:26)
        at dungeonmania.Dungeon.<init>(Dungeon.java:64)
        at dungeonmania.DungeonManiaController.newGame(DungeonManiaController.java:41)
        at dungeonmania.controllerTest.GamemodesTest.testHardInvincibility(GamemodesTest.java:68)

ZombieTest > 1-3 Testing zombies spawn with armour intermittently (at least once every 200 ticks) -- fix test?? FAILED
    java.lang.IllegalArgumentException
        at dungeonmania.GameMode.getGameMode(GameMode.java:26)
        at dungeonmania.Dungeon.<init>(Dungeon.java:64)
        at dungeonmania.DungeonManiaController.newGame(DungeonManiaController.java:41)
        at dungeonmania.controllerTest.ZombieTest.testZombiesHaveArmour(ZombieTest.java:67)
FAILURE
DONE
Test 2-1

ZombieTest > 2-1 Testing movement of zombies FAILED
    java.lang.IllegalArgumentException
        at dungeonmania.GameMode.getGameMode(GameMode.java:26)
        at dungeonmania.Dungeon.<init>(Dungeon.java:64)
        at dungeonmania.DungeonManiaController.newGame(DungeonManiaController.java:41)
        at dungeonmania.controllerTest.ZombieTest.testZombieMovement(ZombieTest.java:22)
FAILURE
DONE
Test 2-2

ZombieTest > 2-2 Testing zombies cannot move through boulders and walls FAILED
    java.lang.IllegalArgumentException
        at dungeonmania.GameMode.getGameMode(GameMode.java:26)
        at dungeonmania.Dungeon.<init>(Dungeon.java:64)
        at dungeonmania.DungeonManiaController.newGame(DungeonManiaController.java:41)
        at dungeonmania.controllerTest.ZombieTest.testZombieNotMovingThroughBlockingEntities(ZombieTest.java:50)
FAILURE
DONE
Test 2-3
SUCCESS
DONE
Test 2-4

ZombieTest > ZombieSpawnerTest > Testing zombie spawners spawn zombies every 20 ticks FAILED
    java.lang.IllegalArgumentException
        at dungeonmania.GameMode.getGameMode(GameMode.java:26)
        at dungeonmania.Dungeon.<init>(Dungeon.java:64)
        at dungeonmania.DungeonManiaController.newGame(DungeonManiaController.java:41)
        at dungeonmania.controllerTest.ZombieTest$ZombieSpawnerTest.testZombieSpawning(ZombieTest.java:92)
FAILURE
DONE
Test 2-5

ZombieTest > ZombieSpawnerTest > Testing destroying zombie spawners FAILED
    java.lang.IllegalArgumentException
        at dungeonmania.GameMode.getGameMode(GameMode.java:26)
        at dungeonmania.Dungeon.<init>(Dungeon.java:64)
        at dungeonmania.DungeonManiaController.newGame(DungeonManiaController.java:41)
        at dungeonmania.controllerTest.ZombieTest$ZombieSpawnerTest.testZombieSpawnerDestruction(ZombieTest.java:127)
FAILURE
DONE
Test 3-1

MercenaryTest > 3-1 Test mercenary spawning FAILED
    java.lang.IllegalArgumentException
        at dungeonmania.GameMode.getGameMode(GameMode.java:26)
        at dungeonmania.Dungeon.<init>(Dungeon.java:64)
        at dungeonmania.DungeonManiaController.newGame(DungeonManiaController.java:41)
        at dungeonmania.controllerTest.MercenaryTest.testMercenarySpawning(MercenaryTest.java:24)
FAILURE
DONE
Test 3-2

MercenaryTest > 3-2 Testing mercenaries cannot move through boulders and walls FAILED
    java.lang.IllegalArgumentException
        at dungeonmania.GameMode.getGameMode(GameMode.java:26)
        at dungeonmania.Dungeon.<init>(Dungeon.java:64)
        at dungeonmania.DungeonManiaController.newGame(DungeonManiaController.java:41)
        at dungeonmania.controllerTest.MercenaryTest.testMercenaryNotMovingThroughBlockingEntities(MercenaryTest.java:48)
FAILURE
DONE
Test 3-3

MercenaryTest > Testing bribing a mercenary ensures there is no battle FAILED
    java.lang.IllegalArgumentException
        at dungeonmania.GameMode.getGameMode(GameMode.java:26)
        at dungeonmania.Dungeon.<init>(Dungeon.java:64)
        at dungeonmania.DungeonManiaController.newGame(DungeonManiaController.java:41)
        at dungeonmania.controllerTest.MercenaryTest.testMercenaryBribing(MercenaryTest.java:65)
FAILURE
DONE
Test 3-4

MercenaryTest > Testing mercenaries spawn with armour FAILED
    java.lang.IllegalArgumentException
        at dungeonmania.GameMode.getGameMode(GameMode.java:26)
        at dungeonmania.Dungeon.<init>(Dungeon.java:64)
        at dungeonmania.DungeonManiaController.newGame(DungeonManiaController.java:41)
        at dungeonmania.controllerTest.MercenaryTest.testMercenarySpawningWithArmour(MercenaryTest.java:93)
FAILURE
DONE
Test 4-1

CollectablesTest > 4-1 Testing picking up all types of collectables FAILED
    java.lang.IllegalArgumentException
        at dungeonmania.GameMode.getGameMode(GameMode.java:26)
        at dungeonmania.Dungeon.<init>(Dungeon.java:64)
        at dungeonmania.DungeonManiaController.newGame(DungeonManiaController.java:41)
        at dungeonmania.controllerTest.CollectablesTest.testCollectablePickup(CollectablesTest.java:24)
FAILURE
DONE
Test 4-2

CollectablesTest > 4-2 Test picking up a key puts the key in the inventory FAILED
    java.lang.IllegalArgumentException
        at dungeonmania.GameMode.getGameMode(GameMode.java:26)
        at dungeonmania.Dungeon.<init>(Dungeon.java:64)
        at dungeonmania.DungeonManiaController.newGame(DungeonManiaController.java:41)
        at dungeonmania.controllerTest.CollectablesTest.testKeyInInventory(CollectablesTest.java:44)
FAILURE
DONE
Test 4-3

CollectablesTest > 4-3 Test invisibility potions ensure battles do not occur FAILED
    java.lang.IllegalArgumentException
        at dungeonmania.GameMode.getGameMode(GameMode.java:26)
        at dungeonmania.Dungeon.<init>(Dungeon.java:64)
        at dungeonmania.DungeonManiaController.newGame(DungeonManiaController.java:41)
        at dungeonmania.controllerTest.CollectablesTest.testInvisibilityPotion(CollectablesTest.java:68)
FAILURE
DONE
Test 4-4

CollectablesTest > 4-4 Test invincibility potions cause enemies to run away FAILED
    java.lang.IllegalArgumentException
        at dungeonmania.GameMode.getGameMode(GameMode.java:26)
        at dungeonmania.Dungeon.<init>(Dungeon.java:64)
        at dungeonmania.DungeonManiaController.newGame(DungeonManiaController.java:41)
        at dungeonmania.controllerTest.CollectablesTest.testInvincibilityPotion(CollectablesTest.java:97)
FAILURE
DONE
Test 5-1

PortalsTest > 5-1 Test portals work both ways FAILED
    org.opentest4j.AssertionFailedError: expected: <true> but was: <false>
        at app//org.junit.jupiter.api.AssertionUtils.fail(AssertionUtils.java:55)
        at app//org.junit.jupiter.api.AssertTrue.assertTrue(AssertTrue.java:40)
        at app//org.junit.jupiter.api.AssertTrue.assertTrue(AssertTrue.java:35)
        at app//org.junit.jupiter.api.Assertions.assertTrue(Assertions.java:179)
        at app//dungeonmania.controllerTest.PortalsTest.testTeleportationBothWays(PortalsTest.java:51)
FAILURE
DONE
Test 5-2
SUCCESS
DONE
Test 6-1
SUCCESS
DONE
Test 6-2
SUCCESS
DONE
Test 6-3
SUCCESS
DONE
Test 6-4
SUCCESS
DONE
Test 6-5

SpiderTest > 6-5 Test spiders cannot move through boulders FAILED
    org.opentest4j.AssertionFailedError: expected: <true> but was: <false>
        at app//org.junit.jupiter.api.AssertionUtils.fail(AssertionUtils.java:55)
        at app//org.junit.jupiter.api.AssertTrue.assertTrue(AssertTrue.java:40)
        at app//org.junit.jupiter.api.AssertTrue.assertTrue(AssertTrue.java:35)
        at app//org.junit.jupiter.api.Assertions.assertTrue(Assertions.java:179)
        at app//dungeonmania.controllerTest.SpiderTest.testSpiderBoulderInPath(SpiderTest.java:196)
FAILURE
DONE
Test 6-6
SUCCESS
DONE
Test 7-1
SUCCESS
DONE
Test 7-2
SUCCESS
DONE
Test 7-3
SUCCESS
DONE
Test 7-4
SUCCESS
DONE
Test 7-5
SUCCESS
DONE
Test 7-6
SUCCESS
DONE
Test 7-7
SUCCESS
DONE
Test 7-8
SUCCESS
DONE
Test 7-9
SUCCESS
DONE
Test 8-1
SUCCESS
DONE
Test 8-2
SUCCESS
DONE
Test 8-3
SUCCESS
DONE
Test 8-4
SUCCESS
DONE
Test 9-1
SUCCESS
DONE
Test 9-2
SUCCESS
DONE
Test 9-3
SUCCESS
DONE
Test 10-1
SUCCESS
DONE
Test 10-2
SUCCESS
DONE
Test 10-3

BombsTest > 10-3 Test placing a bomb removes it from the inventory FAILED
    org.opentest4j.AssertionFailedError: expected: <0> but was: <1>
        at app//org.junit.jupiter.api.AssertionUtils.fail(AssertionUtils.java:55)
        at app//org.junit.jupiter.api.AssertionUtils.failNotEqual(AssertionUtils.java:62)
        at app//org.junit.jupiter.api.AssertEquals.assertEquals(AssertEquals.java:150)
        at app//org.junit.jupiter.api.AssertEquals.assertEquals(AssertEquals.java:145)
        at app//org.junit.jupiter.api.Assertions.assertEquals(Assertions.java:527)
        at app//dungeonmania.controllerTest.BombsTest.testBombRemoveFromInventory(BombsTest.java:75)
FAILURE
DONE
Test 10-4

BombsTest > 10-4 Test placing a bomb places it on the map at the character's location FAILED
    org.opentest4j.AssertionFailedError: expected: <1> but was: <0>
        at app//org.junit.jupiter.api.AssertionUtils.fail(AssertionUtils.java:55)
        at app//org.junit.jupiter.api.AssertionUtils.failNotEqual(AssertionUtils.java:62)
        at app//org.junit.jupiter.api.AssertEquals.assertEquals(AssertEquals.java:150)
        at app//org.junit.jupiter.api.AssertEquals.assertEquals(AssertEquals.java:145)
        at app//org.junit.jupiter.api.Assertions.assertEquals(Assertions.java:527)
        at app//dungeonmania.controllerTest.BombsTest.testBombPlaceOnMap(BombsTest.java:97)
FAILURE
DONE
Test 10-5

BombsTest > Test placing a bomb on a map cardinally adjacent to an active switch causes the bomb to detonate, removing surrounding entites except for the player FAILED
    org.opentest4j.AssertionFailedError: expected: <0> but was: <1>
        at app//org.junit.jupiter.api.AssertionUtils.fail(AssertionUtils.java:55)
        at app//org.junit.jupiter.api.AssertionUtils.failNotEqual(AssertionUtils.java:62)
        at app//org.junit.jupiter.api.AssertEquals.assertEquals(AssertEquals.java:150)
        at app//org.junit.jupiter.api.AssertEquals.assertEquals(AssertEquals.java:145)
        at app//org.junit.jupiter.api.Assertions.assertEquals(Assertions.java:527)
        at app//dungeonmania.controllerTest.BombsTest.testBombPlaceMapCardinallyAdjacentActiveSwitch(BombsTest.java:131)
FAILURE
DONE
Test 10-6

BombsTest > 10-6 Test placing a bomb diagonally adjacent to an active switch does not detonate the bomb FAILED
    org.opentest4j.AssertionFailedError: expected: <1> but was: <0>
        at app//org.junit.jupiter.api.AssertionUtils.fail(AssertionUtils.java:55)
        at app//org.junit.jupiter.api.AssertionUtils.failNotEqual(AssertionUtils.java:62)
        at app//org.junit.jupiter.api.AssertEquals.assertEquals(AssertEquals.java:150)
        at app//org.junit.jupiter.api.AssertEquals.assertEquals(AssertEquals.java:145)
        at app//org.junit.jupiter.api.Assertions.assertEquals(Assertions.java:527)
        at app//dungeonmania.controllerTest.BombsTest.testBombPlaceMapDiagonallyAdjacentActiveSwitch(BombsTest.java:168)
FAILURE
DONE
Test 10-7

BombsTest > 10-7 Test placing a bomb cardinally adjacent to an inactive switch does not cause the bomb to explode FAILED
    org.opentest4j.AssertionFailedError: expected: <1> but was: <0>
        at app//org.junit.jupiter.api.AssertionUtils.fail(AssertionUtils.java:55)
        at app//org.junit.jupiter.api.AssertionUtils.failNotEqual(AssertionUtils.java:62)
        at app//org.junit.jupiter.api.AssertEquals.assertEquals(AssertEquals.java:150)
        at app//org.junit.jupiter.api.AssertEquals.assertEquals(AssertEquals.java:145)
        at app//org.junit.jupiter.api.Assertions.assertEquals(Assertions.java:527)
        at app//dungeonmania.controllerTest.BombsTest.testBombPlaceMapCardinallyAdjacentInactiveSwitch(BombsTest.java:194)
FAILURE
DONE
Test 10-8

BombsTest > 10-8 Test placing a bomb diagonally adjacent to an inactive switch does not cause the bomb to explode FAILED
    org.opentest4j.AssertionFailedError: expected: <1> but was: <0>
        at app//org.junit.jupiter.api.AssertionUtils.fail(AssertionUtils.java:55)
        at app//org.junit.jupiter.api.AssertionUtils.failNotEqual(AssertionUtils.java:62)
        at app//org.junit.jupiter.api.AssertEquals.assertEquals(AssertEquals.java:150)
        at app//org.junit.jupiter.api.AssertEquals.assertEquals(AssertEquals.java:145)
        at app//org.junit.jupiter.api.Assertions.assertEquals(Assertions.java:527)
        at app//dungeonmania.controllerTest.BombsTest.testBombPlaceMapDiagonallyAdjacentInactiveSwitch(BombsTest.java:220)
FAILURE
DONE
Test 11-1

BouldersTest > 11-1 Test pushing a boulder FAILED
    java.lang.IllegalArgumentException
        at dungeonmania.GameMode.getGameMode(GameMode.java:26)
        at dungeonmania.Dungeon.<init>(Dungeon.java:64)
        at dungeonmania.DungeonManiaController.newGame(DungeonManiaController.java:41)
        at dungeonmania.controllerTest.BouldersTest.testPushBoulder(BouldersTest.java:28)
FAILURE
DONE
Test 11-2

BouldersTest > 11-2 Test pushing a boulder into a wall FAILED
    java.lang.IllegalArgumentException
        at dungeonmania.GameMode.getGameMode(GameMode.java:26)
        at dungeonmania.Dungeon.<init>(Dungeon.java:64)
        at dungeonmania.DungeonManiaController.newGame(DungeonManiaController.java:41)
        at dungeonmania.controllerTest.BouldersTest.testPushBoulderIntoWall(BouldersTest.java:40)
FAILURE
DONE
Test 11-3

BouldersTest > 11-3 Test the player is unable to push two boulders FAILED
    java.lang.IllegalArgumentException
        at dungeonmania.GameMode.getGameMode(GameMode.java:26)
        at dungeonmania.Dungeon.<init>(Dungeon.java:64)
        at dungeonmania.DungeonManiaController.newGame(DungeonManiaController.java:41)
        at dungeonmania.controllerTest.BouldersTest.testPushTwoBoulders(BouldersTest.java:53)
FAILURE
DONE
Test 12-1

SaveLoadTest > 12-1 Test saving and loading a simple maze map FAILED
    java.lang.IllegalArgumentException
        at dungeonmania.GameMode.getGameMode(GameMode.java:26)
        at dungeonmania.Dungeon.<init>(Dungeon.java:64)
        at dungeonmania.DungeonManiaController.newGame(DungeonManiaController.java:41)
        at dungeonmania.controllerTest.SaveLoadTest.testMazeSave(SaveLoadTest.java:20)
FAILURE
DONE
Test 12-2

SaveLoadTest > 12-2 Test saving and loading a map with boulders and switches FAILED
    java.lang.IllegalArgumentException
        at dungeonmania.GameMode.getGameMode(GameMode.java:26)
        at dungeonmania.Dungeon.<init>(Dungeon.java:64)
        at dungeonmania.DungeonManiaController.newGame(DungeonManiaController.java:41)
        at dungeonmania.controllerTest.SaveLoadTest.testBouldersSave(SaveLoadTest.java:38)
FAILURE
DONE
Test 12-3

SaveLoadTest > 12-3 Test saving and loading a map with enemies and collectables FAILED
    java.lang.IllegalArgumentException
        at dungeonmania.GameMode.getGameMode(GameMode.java:26)
        at dungeonmania.Dungeon.<init>(Dungeon.java:64)
        at dungeonmania.DungeonManiaController.newGame(DungeonManiaController.java:41)
        at dungeonmania.controllerTest.SaveLoadTest.testAdvancedSave(SaveLoadTest.java:57)
FAILURE
DONE
Test 12-4

SaveLoadTest > 12-4 Test saving on a map containing all types of entities FAILED
    java.lang.IllegalArgumentException
        at dungeonmania.GameMode.getGameMode(GameMode.java:26)
        at dungeonmania.Dungeon.<init>(Dungeon.java:64)
        at dungeonmania.DungeonManiaController.newGame(DungeonManiaController.java:41)
        at dungeonmania.controllerTest.SaveLoadTest.testSaveAllEntities(SaveLoadTest.java:75)
FAILURE
DONE
Test 13-1
SUCCESS
DONE
Test 13-2
SUCCESS
DONE
Test 13-3
SUCCESS
DONE
Test 13-4
SUCCESS
DONE
Test 13-5

DoorsKeysTest > 13-5 Test player cannot pickup two keys FAILED
    org.opentest4j.AssertionFailedError: expected: <1> but was: <2>
        at app//org.junit.jupiter.api.AssertionUtils.fail(AssertionUtils.java:55)
        at app//org.junit.jupiter.api.AssertionUtils.failNotEqual(AssertionUtils.java:62)
        at app//org.junit.jupiter.api.AssertEquals.assertEquals(AssertEquals.java:150)
        at app//org.junit.jupiter.api.AssertEquals.assertEquals(AssertEquals.java:145)
        at app//org.junit.jupiter.api.Assertions.assertEquals(Assertions.java:527)
        at app//dungeonmania.controllerTest.DoorsKeysTest.testPlayerCannotPickup2Keys(DoorsKeysTest.java:111)
FAILURE
DONE
Test 13-6
SUCCESS
DONE
Test 13-7
SUCCESS
DONE
Test 14-1

InterfaceTest > 14-1 Testing newGame interface method, normal operation FAILED
    java.lang.IllegalArgumentException
        at dungeonmania.GameMode.getGameMode(GameMode.java:26)
        at dungeonmania.Dungeon.<init>(Dungeon.java:64)
        at dungeonmania.DungeonManiaController.newGame(DungeonManiaController.java:41)
        at dungeonmania.controllerTest.InterfaceTest.testNewGameInterfaceNormalOperation(InterfaceTest.java:22)
FAILURE
DONE
Test 14-2
SUCCESS
DONE
Test 14-3
SUCCESS
DONE
Test 14-4

InterfaceTest > TickInterfaceTest > 14-4 Testing tick interface method, normal operation FAILED
    java.lang.IllegalArgumentException
        at dungeonmania.GameMode.getGameMode(GameMode.java:26)
        at dungeonmania.Dungeon.<init>(Dungeon.java:64)
        at dungeonmania.DungeonManiaController.newGame(DungeonManiaController.java:41)
        at dungeonmania.controllerTest.InterfaceTest$TickInterfaceTest.testTickInterfaceNormalOperation(InterfaceTest.java:61)
FAILURE
DONE
Test 14-5

InterfaceTest > TickInterfaceTest > 14-5 Testing tick with an invalid ite FAILED
    java.lang.IllegalArgumentException
        at dungeonmania.GameMode.getGameMode(GameMode.java:26)
        at dungeonmania.Dungeon.<init>(Dungeon.java:64)
        at dungeonmania.DungeonManiaController.newGame(DungeonManiaController.java:41)
        at dungeonmania.controllerTest.InterfaceTest$TickInterfaceTest.testTickInterfaceInvalidItem(InterfaceTest.java:75)
FAILURE
DONE
Test 14-6

InterfaceTest > TickInterfaceTest > 14-6 Testing tick with an item that is not in the player's inventory FAILED
    java.lang.IllegalArgumentException
        at dungeonmania.GameMode.getGameMode(GameMode.java:26)
        at dungeonmania.Dungeon.<init>(Dungeon.java:64)
        at dungeonmania.DungeonManiaController.newGame(DungeonManiaController.java:41)
        at dungeonmania.controllerTest.InterfaceTest$TickInterfaceTest.testTickInterfaceItemNotInInventory(InterfaceTest.java:87)
FAILURE
DONE
Test 15-1
SUCCESS
DONE
Test 15-2
SUCCESS
DONE
Test 15-3
SUCCESS
DONE
Test 15-4
SUCCESS
DONE
Test 15-5
SUCCESS
DONE
Test 15-6
SUCCESS
DONE
Test 15-7
SUCCESS
DONE
Test 15-8
SUCCESS
DONE
Test 15-9
SUCCESS
DONE
Test 15-10
SUCCESS
DONE
Test 15-11
SUCCESS
DONE
Test 15-12
SUCCESS
DONE
Test 15-13
SUCCESS
DONE
Test 15-14
SUCCESS
DONE
Test 15-15
SUCCESS
DONE
Test 15-16
SUCCESS
DONE
Test 16-1

BattleTest > 16-1 Test player battles spider and player or zombie dies FAILED
    org.opentest4j.AssertionFailedError: expected: <true> but was: <false>
        at app//org.junit.jupiter.api.AssertionUtils.fail(AssertionUtils.java:55)
        at app//org.junit.jupiter.api.AssertTrue.assertTrue(AssertTrue.java:40)
        at app//org.junit.jupiter.api.AssertTrue.assertTrue(AssertTrue.java:35)
        at app//org.junit.jupiter.api.Assertions.assertTrue(Assertions.java:179)
        at app//dungeonmania.controllerTest.BattleTest.testPlayerOrSpiderDiesWhenBattle(BattleTest.java:41)
FAILURE
DONE
Test 16-2
SUCCESS
DONE
Test 16-3
SUCCESS
DONE
Test 16-4

BattleTest > 16-4 Test player wins a battle against a spider with an invinicibility potion FAILED
    org.opentest4j.AssertionFailedError: expected: <0> but was: <1>
        at app//org.junit.jupiter.api.AssertionUtils.fail(AssertionUtils.java:55)
        at app//org.junit.jupiter.api.AssertionUtils.failNotEqual(AssertionUtils.java:62)
        at app//org.junit.jupiter.api.AssertEquals.assertEquals(AssertEquals.java:150)
        at app//org.junit.jupiter.api.AssertEquals.assertEquals(AssertEquals.java:145)
        at app//org.junit.jupiter.api.Assertions.assertEquals(Assertions.java:527)
        at app//dungeonmania.controllerTest.BattleTest.testPlayerWinsSpiderBattleWithInvincibilityPotion(BattleTest.java:116)
FAILURE
DONE
Test 16-5
SUCCESS
DONE
Test 16-6

BattleTest > 16-6 Test a player wins a battle against a mercenary with an invincibility potion FAILED
    org.opentest4j.AssertionFailedError: expected: <0> but was: <1>
        at app//org.junit.jupiter.api.AssertionUtils.fail(AssertionUtils.java:55)
        at app//org.junit.jupiter.api.AssertionUtils.failNotEqual(AssertionUtils.java:62)
        at app//org.junit.jupiter.api.AssertEquals.assertEquals(AssertEquals.java:150)
        at app//org.junit.jupiter.api.AssertEquals.assertEquals(AssertEquals.java:145)
        at app//org.junit.jupiter.api.Assertions.assertEquals(Assertions.java:527)
        at app//dungeonmania.controllerTest.BattleTest.testPlayerWinsMercenaryBattleWithInvincibilityPotion(BattleTest.java:165)
FAILURE
DONE
Test 16-7
SUCCESS
DONE
